0 info it worked if it ends with ok
1 verbose cli [ 'C:\\progetti\\silicon\\node_sibio\\\\node.exe',
1 verbose cli   'C:\\progetti\\silicon\\node_sibio\\node_modules\\npm\\bin\\npm-cli.js',
1 verbose cli   'install' ]
2 info using npm@1.1.69
3 info using node@v0.8.14
4 verbose node symlink C:\progetti\silicon\node_sibio\\node.exe
5 verbose read json C:\temp\git\khetjs\package.json
6 error install Couldn't read dependencies
7 error Failed to parse json
7 error Unexpected token ,
8 error File: C:\temp\git\khetjs\package.json
9 error Failed to parse package.json data.
9 error package.json must be actual JSON, not just JavaScript.
9 error
9 error This is not a bug in npm.
9 error Tell the package author to fix their package.json file. JSON.parse
10 error System Windows_NT 6.1.7601
11 error command "C:\\progetti\\silicon\\node_sibio\\\\node.exe" "C:\\progetti\\silicon\\node_sibio\\node_modules\\npm\\bin\\npm-cli.js" "install"
12 error cwd C:\temp\git\khetjs
13 error node -v v0.8.14
14 error npm -v 1.1.69
15 error file C:\temp\git\khetjs\package.json
16 error code EJSONPARSE
17 verbose exit [ 1, true ]
